20:09:35.836 [main]INFO  hooks.Hook - Starting WebDriver initialization
20:09:35.842 [main]INFO  hooks.Hook - Chrome browser launched
20:09:40.586 [main]INFO  hooks.Hook - Navigated to qaweb-gyansetu
20:09:40.688 [main]INFO  stepDefinition.Registration_Validation - Navigating to the registration page
20:09:41.225 [main]INFO  stepDefinition.Registration_Validation - Clicked on Registration button
20:09:41.257 [main]INFO  stepDefinition.Registration_Validation - Fetching data from Excel - Sheet: Registration, Row: 1
20:09:42.852 [main]INFO  stepDefinition.Registration_Validation - Fetched Email ID: sarasu123@yopmail.com
20:09:43.203 [main]INFO  stepDefinition.Registration_Validation - Fetched Phone No: 7675443123
20:09:43.530 [main]INFO  stepDefinition.Registration_Validation - Fetched Password: ********
20:09:44.109 [main]INFO  stepDefinition.Registration_Validation - Checked Terms and Conditions checkbox
20:09:44.115 [main]INFO  stepDefinition.Registration_Validation - Clicking SignUp Now button
20:10:04.241 [main]INFO  stepDefinition.Registration_Validation - SignUp process initiated, waiting for 20 seconds
20:10:06.673 [main]INFO  hooks.Hook - Starting WebDriver initialization
20:10:06.673 [main]INFO  hooks.Hook - Chrome browser launched
20:25:22.866 [main]INFO  hooks.Hook - Starting WebDriver initialization
20:25:22.871 [main]INFO  hooks.Hook - Chrome browser launched
20:25:25.923 [main]INFO  hooks.Hook - Navigated to qaweb-gyansetu
20:25:26.002 [main]INFO  stepDefinition.Registration_Validation - Navigating to the registration page
20:25:26.487 [main]INFO  stepDefinition.Registration_Validation - Clicked on Registration button
20:25:26.522 [main]INFO  stepDefinition.Registration_Validation - Fetching data from Excel - Sheet: Registration, Row: 1
20:25:28.183 [main]INFO  stepDefinition.Registration_Validation - Fetched Email ID: sarasu123@yopmail.com
20:25:28.607 [main]INFO  stepDefinition.Registration_Validation - Fetched Phone No: 7675443123
20:25:28.926 [main]INFO  stepDefinition.Registration_Validation - Fetched Password: ********
20:25:29.435 [main]INFO  stepDefinition.Registration_Validation - Checked Terms and Conditions checkbox
20:25:29.437 [main]INFO  stepDefinition.Registration_Validation - Clicking SignUp Now button
20:25:49.525 [main]INFO  stepDefinition.Registration_Validation - SignUp process initiated, waiting for 20 seconds for enter the OTP
20:25:51.586 [main]INFO  hooks.Hook - Starting WebDriver initialization
20:25:51.586 [main]INFO  hooks.Hook - Chrome browser launched
20:25:55.815 [main]INFO  hooks.Hook - Navigated to qaweb-gyansetu
20:29:06.521 [main]INFO  hooks.Hook - Starting WebDriver initialization
20:29:06.530 [main]INFO  hooks.Hook - Chrome browser launched
20:29:10.411 [main]INFO  hooks.Hook - Navigated to qaweb-gyansetu
20:29:10.538 [main]INFO  stepDefinition.Registration_Validation - Navigating to the registration page
20:29:11.058 [main]INFO  stepDefinition.Registration_Validation - Clicked on Registration button
20:29:11.065 [main]INFO  stepDefinition.Registration_Validation - Fetching data from Excel - Sheet: Registration, Row: 1
20:29:12.492 [main]INFO  stepDefinition.Registration_Validation - Fetched Email ID: sarasu123@yopmail.com
20:29:12.901 [main]INFO  stepDefinition.Registration_Validation - Fetched Phone No: 7675443123
20:29:13.142 [main]INFO  stepDefinition.Registration_Validation - Fetched Password: ********
20:29:13.560 [main]INFO  stepDefinition.Registration_Validation - Checked Terms and Conditions checkbox
20:29:13.562 [main]INFO  stepDefinition.Registration_Validation - Clicking SignUp Now button
20:29:33.642 [main]INFO  stepDefinition.Registration_Validation - SignUp process initiated, waiting for 20 seconds for enter the OTP
20:29:35.878 [main]INFO  hooks.Hook - Starting WebDriver initialization
20:29:35.882 [main]INFO  hooks.Hook - Chrome browser launched
20:29:36.495 [main]INFO  hooks.Hook - Navigated to qaweb-gyansetu
22:20:08.941 [main]INFO  hooks.Hook - Starting WebDriver initialization
22:20:08.953 [main]INFO  hooks.Hook - Chrome browser launched
22:20:52.761 [main]INFO  hooks.Hook - Starting WebDriver initialization
22:20:52.761 [main]INFO  hooks.Hook - Chrome browser launched
